[35m[Appium][39m Welcome to Appium v1.22.3
[35m[Appium][39m Non-default server args:
[35m[Appium][39m   port: 50750
[35m[Appium][39m   loglevel: info
[35m[Appium][39m   tmpDir: C:\Users\POWERC~1\AppData\Local\Temp\\Katalon\Appium\Temp1659939782022
[35m[Appium][39m   chromedriverPort: 50751
[35m[Appium][39m Deprecated server args:
[35m[Appium][39m   [31m--chromedriver-port[39m => --default-capabilities
[35m[Appium][39m Default capabilities, which will be added to each request unless overridden by desired capabilities:
[35m[Appium][39m   chromedriverPort: 50751
[35m[Appium][39m Appium REST http interface listener started on 0.0.0.0:50750
[35m[HTTP][39m [37m-->[39m [37mGET[39m [37m/wd/hub/status[39m
[35m[HTTP][39m [90m{}[39m
[35m[HTTP][39m [37m<-- GET /wd/hub/status [39m[32m200[39m [90m9 ms - 68[39m
[35m[HTTP][39m [90m[39m
[35m[HTTP][39m [37m-->[39m [37mGET[39m [37m/wd/hub/status[39m
[35m[HTTP][39m [90m{}[39m
[35m[HTTP][39m [37m<-- GET /wd/hub/status [39m[32m200[39m [90m2 ms - 68[39m
[35m[HTTP][39m [90m[39m
[35m[HTTP][39m [37m-->[39m [37mPOST[39m [37m/wd/hub/session[39m
[35m[HTTP][39m [90m{"desiredCapabilities":{"appPackage":"com.android.settings","deviceId":"073262521L005665","deviceName":"INFINIX MOBILITY LIMITED Infinix X6812B (Android 11)","platform":"ANDROID","appActivity":".Settings","newCommandTimeout":1800,"platformVersion":"11","automationName":"uiautomator2","autoGrantPermissions":true,"platformName":"Android","udid":"073262521L005665","systemPort":8290},"capabilities":{"firstMatch":[{"appium:appActivity":".Settings","appium:appPackage":"com.android.settings","appium:autoGrantPermissions":true,"appium:automationName":"uiautomator2","deviceId":"073262521L005665","appium:deviceName":"INFINIX MOBILITY LIMITED Infinix X6812B (Android 11)","appium:newCommandTimeout":1800,"platform":"ANDROID","platformName":"android","appium:platformVersion":"11","appium:systemPort":8290,"appium:udid":"073262521L005665"}]}}[39m
[35m[BaseDriver][39m The following capabilities are not standard capabilities and should have an extension prefix:
[35m[BaseDriver][39m   deviceId
[35m[BaseDriver][39m   platform
[35m[BaseDriver][39m   chromedriverPort
[35m[Appium][39m Appium v1.22.3 creating new AndroidUiautomator2Driver (v1.70.1) session
[35m[BaseDriver][39m The following capabilities were provided, but are not recognized by Appium:
[35m[BaseDriver][39m   deviceId
[35m[BaseDriver][39m   platform
[35m[BaseDriver][39m Session created with session id: c41a68f9-a950-4951-96ee-4c8db901750d
[35m[UiAutomator2][39m Starting 'com.android.settings' directly on the device
[35m[ADB][39m Found 1 'build-tools' folders under 'C:\Users\Powercommerce\.katalon\tools\android_sdk' (newest first):
[35m[ADB][39m     C:/Users/Powercommerce/.katalon/tools/android_sdk/build-tools/29.0.3
[35m[ADB][39m Using 'adb.exe' from 'C:\Users\Powercommerce\.katalon\tools\android_sdk\platform-tools\adb.exe'
[35m[AndroidDriver][39m Retrieving device list
[35m[AndroidDriver][39m Using device: 073262521L005665
[35m[ADB][39m Using 'adb.exe' from 'C:\Users\Powercommerce\.katalon\tools\android_sdk\platform-tools\adb.exe'
[35m[ADB][39m Getting device platform version
[35m[UiAutomator2][39m Relaxing hidden api policy
[35m[AndroidDriver][39m No app sent in, not parsing package/activity
[35m[ADB][39m Using 'apksigner.jar' from 'C:\Users\Powercommerce\.katalon\tools\android_sdk\build-tools\29.0.3\lib\apksigner.jar'
[35m[ADB][39m 'C:\Users\Powercommerce\AppData\Roaming\npm\node_modules\appium\node_modules\appium-uiautomator2-server\apks\appium-uiautomator2-server-v4.27.0.apk' is signed with the default certificate
[35m[ADB][39m 'C:\Users\Powercommerce\AppData\Roaming\npm\node_modules\appium\node_modules\appium-uiautomator2-server\apks\appium-uiautomator2-server-debug-androidTest.apk' is signed with the default certificate
[35m[UiAutomator2][39m Server packages are not going to be (re)installed
[35m[ADB][39m Adding packages ["io.appium.settings","io.appium.uiautomator2.server","io.appium.uiautomator2.server.test"] to Doze whitelist
[35m[UiAutomator2][39m Starting UIAutomator2 server 4.27.0
[35m[UiAutomator2][39m Using UIAutomator2 server from 'C:\Users\Powercommerce\AppData\Roaming\npm\node_modules\appium\node_modules\appium-uiautomator2-server\apks\appium-uiautomator2-server-v4.27.0.apk' and test from 'C:\Users\Powercommerce\AppData\Roaming\npm\node_modules\appium\node_modules\appium-uiautomator2-server\apks\appium-uiautomator2-server-debug-androidTest.apk'
[35m[UiAutomator2][39m Waiting up to 30000ms for UiAutomator2 to be online...
[35m[WD Proxy][39m socket hang up
[35m[WD Proxy][39m socket hang up
[35m[WD Proxy][39m socket hang up
[35m[WD Proxy][39m Determined the downstream protocol as 'W3C'
[35m[AndroidDriver][39m Screen already unlocked, doing nothing
[35m[UiAutomator2][39m Starting 'com.android.settings/.Settings and waiting for 'com.android.settings/.Settings'
[35m[Appium][39m New AndroidUiautomator2Driver session created successfully, session c41a68f9-a950-4951-96ee-4c8db901750d added to master session list
[35m[HTTP][39m [37m<-- POST /wd/hub/session [39m[32m200[39m [90m10373 ms - 1282[39m
[35m[HTTP][39m [90m[39m
[35m[HTTP][39m [37m-->[39m [37mGET[39m [37m/wd/hub/session/c41a68f9-a950-4951-96ee-4c8db901750d[39m
[35m[HTTP][39m [90m{}[39m
[35m[HTTP][39m [37m<-- GET /wd/hub/session/c41a68f9-a950-4951-96ee-4c8db901750d [39m[32m200[39m [90m17 ms - 1236[39m
[35m[HTTP][39m [90m[39m
[35m[HTTP][39m [37m-->[39m [37mGET[39m [37m/wd/hub/session/c41a68f9-a950-4951-96ee-4c8db901750d[39m
[35m[HTTP][39m [90m{}[39m
[35m[HTTP][39m [37m<-- GET /wd/hub/session/c41a68f9-a950-4951-96ee-4c8db901750d [39m[32m200[39m [90m13 ms - 1236[39m
[35m[HTTP][39m [90m[39m
[35m[HTTP][39m [37m-->[39m [37mGET[39m [37m/wd/hub/status[39m
[35m[HTTP][39m [90m{}[39m
[35m[HTTP][39m [37m<-- GET /wd/hub/status [39m[32m200[39m [90m1 ms - 68[39m
[35m[HTTP][39m [90m[39m
[35m[HTTP][39m [37m-->[39m [37mPOST[39m [37m/wd/hub/session/c41a68f9-a950-4951-96ee-4c8db901750d/timeouts[39m
[35m[HTTP][39m [90m{"implicit":60000}[39m
[35m[HTTP][39m [37m<-- POST /wd/hub/session/c41a68f9-a950-4951-96ee-4c8db901750d/timeouts [39m[32m200[39m [90m4 ms - 14[39m
[35m[HTTP][39m [90m[39m
[35m[HTTP][39m [37m-->[39m [37mGET[39m [37m/wd/hub/session/c41a68f9-a950-4951-96ee-4c8db901750d/screenshot[39m
[35m[HTTP][39m [90m{}[39m
[35m[HTTP][39m [37m<-- GET /wd/hub/session/c41a68f9-a950-4951-96ee-4c8db901750d/screenshot [39m[32m200[39m [90m490 ms - 70676[39m
[35m[HTTP][39m [90m[39m
[35m[HTTP][39m [37m-->[39m [37mGET[39m [37m/wd/hub/session/c41a68f9-a950-4951-96ee-4c8db901750d/window/rect[39m
[35m[HTTP][39m [90m{}[39m
[35m[HTTP][39m [37m<-- GET /wd/hub/session/c41a68f9-a950-4951-96ee-4c8db901750d/window/rect [39m[32m200[39m [90m25 ms - 50[39m
[35m[HTTP][39m [90m[39m
[35m[HTTP][39m [37m-->[39m [37mGET[39m [37m/wd/hub/session/c41a68f9-a950-4951-96ee-4c8db901750d/appium/device/system_bars[39m
[35m[HTTP][39m [90m{}[39m
[35m[HTTP][39m [37m<-- GET /wd/hub/session/c41a68f9-a950-4951-96ee-4c8db901750d/appium/device/system_bars [39m[32m200[39m [90m90 ms - 149[39m
[35m[HTTP][39m [90m[39m
[35m[HTTP][39m [37m-->[39m [37mPOST[39m [37m/wd/hub/session/c41a68f9-a950-4951-96ee-4c8db901750d/appium/device/activate_app[39m
[35m[HTTP][39m [90m{"bundleId":"id.powercommerce.mobile_commerce"}[39m
[35m[HTTP][39m [37m<-- POST /wd/hub/session/c41a68f9-a950-4951-96ee-4c8db901750d/appium/device/activate_app [39m[32m200[39m [90m390 ms - 14[39m
[35m[HTTP][39m [90m[39m
[35m[HTTP][39m [37m-->[39m [37mGET[39m [37m/wd/hub/session/c41a68f9-a950-4951-96ee-4c8db901750d/source[39m
[35m[HTTP][39m [90m{}[39m
[35m[W3C (c41a68f9)][39m Driver proxy active, passing request on via HTTP proxy
[35m[WD Proxy][39m Replacing sessionId ac0df75f-58ae-4ec6-b6f5-c7df0187668d with c41a68f9-a950-4951-96ee-4c8db901750d
[35m[HTTP][39m [37m<-- GET /wd/hub/session/c41a68f9-a950-4951-96ee-4c8db901750d/source [39m[32m200[39m [90m782 ms - 35714[39m
[35m[HTTP][39m [90m[39m
[35m[HTTP][39m [37m-->[39m [37mGET[39m [37m/wd/hub/session/c41a68f9-a950-4951-96ee-4c8db901750d/screenshot[39m
[35m[HTTP][39m [90m{}[39m
[35m[HTTP][39m [37m<-- GET /wd/hub/session/c41a68f9-a950-4951-96ee-4c8db901750d/screenshot [39m[32m200[39m [90m996 ms - 318746[39m
[35m[HTTP][39m [90m[39m
[35m[HTTP][39m [37m-->[39m [37mPOST[39m [37m/wd/hub/session/c41a68f9-a950-4951-96ee-4c8db901750d/elements[39m
[35m[HTTP][39m [90m{"using":"xpath","value":"//*[@class = 'android.widget.TextView' and (@text = '95.393.256' or . = '95.393.256') and @resource-id = 'id.powercommerce.mobile_commerce:id/txt_coin']"}[39m
[35m[HTTP][39m [37m<-- POST /wd/hub/session/c41a68f9-a950-4951-96ee-4c8db901750d/elements [39m[32m200[39m [90m864 ms - 139[39m
[35m[HTTP][39m [90m[39m
[35m[HTTP][39m [37m-->[39m [37mPOST[39m [37m/wd/hub/session/c41a68f9-a950-4951-96ee-4c8db901750d/timeouts[39m
[35m[HTTP][39m [90m{"implicit":1000}[39m
[35m[HTTP][39m [37m<-- POST /wd/hub/session/c41a68f9-a950-4951-96ee-4c8db901750d/timeouts [39m[32m200[39m [90m2 ms - 14[39m
[35m[HTTP][39m [90m[39m
[35m[HTTP][39m [37m-->[39m [37mPOST[39m [37m/wd/hub/session/c41a68f9-a950-4951-96ee-4c8db901750d/elements[39m
[35m[HTTP][39m [90m{"using":"xpath","value":"//hierarchy/android.widget.FrameLayout[1]/android.widget.LinearLayout[1]/android.widget.FrameLayout[1]/android.widget.LinearLayout[1]/android.widget.FrameLayout[1]/android.view.ViewGroup[1]/android.widget.RelativeLayout[1]/android.widget.ScrollView[1]/android.widget.LinearLayout[1]/android.widget.RelativeLayout[6]/android.widget.RelativeLayout[1]/android.widget.TextView[1]"}[39m
[35m[HTTP][39m [37m<-- POST /wd/hub/session/c41a68f9-a950-4951-96ee-4c8db901750d/elements [39m[32m200[39m [90m480 ms - 139[39m
[35m[HTTP][39m [90m[39m
[35m[HTTP][39m [37m-->[39m [37mGET[39m [37m/wd/hub/session/c41a68f9-a950-4951-96ee-4c8db901750d/element/00000000-0000-0b0d-ffff-ffff000003db/location[39m
[35m[HTTP][39m [90m{}[39m
[35m[W3C (c41a68f9)][39m Driver proxy active, passing request on via HTTP proxy
[35m[WD Proxy][39m Replacing sessionId ac0df75f-58ae-4ec6-b6f5-c7df0187668d with c41a68f9-a950-4951-96ee-4c8db901750d
[35m[HTTP][39m [37m<-- GET /wd/hub/session/c41a68f9-a950-4951-96ee-4c8db901750d/element/00000000-0000-0b0d-ffff-ffff000003db/location [39m[32m200[39m [90m44 ms - 79[39m
[35m[HTTP][39m [90m[39m
[35m[HTTP][39m [37m-->[39m [37mGET[39m [37m/wd/hub/session/c41a68f9-a950-4951-96ee-4c8db901750d/element/00000000-0000-0b0d-ffff-ffff000003db/size[39m
[35m[HTTP][39m [90m{}[39m
[35m[W3C (c41a68f9)][39m Driver proxy active, passing request on via HTTP proxy
[35m[WD Proxy][39m Replacing sessionId ac0df75f-58ae-4ec6-b6f5-c7df0187668d with c41a68f9-a950-4951-96ee-4c8db901750d
[35m[HTTP][39m [37m<-- GET /wd/hub/session/c41a68f9-a950-4951-96ee-4c8db901750d/element/00000000-0000-0b0d-ffff-ffff000003db/size [39m[32m200[39m [90m36 ms - 86[39m
[35m[HTTP][39m [90m[39m
[35m[HTTP][39m [37m-->[39m [37mDELETE[39m [37m/wd/hub/session/c41a68f9-a950-4951-96ee-4c8db901750d[39m
[35m[HTTP][39m [90m{}[39m
[35m[Appium][39m Removing session c41a68f9-a950-4951-96ee-4c8db901750d from our master session list
[35m[UiAutomator2][39m Did not get confirmation UiAutomator2 deleteSession worked; Error was: UnknownError: An unknown server-side error occurred while processing the command. Original error: 'DELETE /' cannot be proxied to UiAutomator2 server because the instrumentation process is not running (probably crashed). Check the server log and/or the logcat output for more details
[35m[UiAutomator2][39m Restoring hidden api policy to the device default configuration
[35m[HTTP][39m [37m<-- DELETE /wd/hub/session/c41a68f9-a950-4951-96ee-4c8db901750d [39m[32m200[39m [90m370 ms - 14[39m
[35m[HTTP][39m [90m[39m
